<?xml version="1.0" encoding="UTF-8"?>
<!-- Generated by org.testng.reporters.JUnitXMLReporter -->
<testsuite hostname="LeovoL420-4" ignored="0" name="Test" tests="11" failures="0" timestamp="2019-08-01T16:50:36 IST" time="234.011" errors="0">
  <testcase name="clickapplyleavepagetest" time="6.429" classname="leavetestcases.Homepagetest"/>
  <testcase name="verifyhomepagetitletest" time="0.048" classname="leavetestcases.Homepagetest"/>
  <testcase name="verifyusernametest" time="0.093" classname="leavetestcases.Homepagetest"/>
  <testcase name="loginpagetitletest" time="0.017" classname="leavetestcases.Loginpagetest"/>
  <testcase name="stllogoimagetest" time="0.048" classname="leavetestcases.Loginpagetest"/>
  <testcase name="logintest" time="6.194" classname="leavetestcases.Loginpagetest"/>
  <testcase name="SelectCasualLeave" time="0.18" classname="leavetestcases.Applyleavepagetest"/>
  <testcase name="EnterDate" time="1.97" classname="leavetestcases.Applyleavepagetest"/>
  <testcase name="WriteDescriptionTest" time="0.322" classname="leavetestcases.Applyleavepagetest"/>
  <testcase name="verifymanangernametest" time="0.048" classname="leavetestcases.Applyleavepagetest"/>
  <testcase name="ApplyCasualLeave" time="4.998" classname="leavetestcases.Applyleavepagetest"/>
</testsuite> <!-- Test -->
