<?xml version="1.0" encoding="UTF-8"?>
<testng-results skipped="0" failed="0" ignored="0" total="11" passed="11">
  <reporter-output>
  </reporter-output>
  <suite name="Suite" duration-ms="234011" started-at="2019-08-01T16:46:42 IST" finished-at="2019-08-01T16:50:36 IST">
    <groups>
    </groups>
    <test name="Test" duration-ms="234011" started-at="2019-08-01T16:46:42 IST" finished-at="2019-08-01T16:50:36 IST">
      <class name="leavetestcases.Applyleavepagetest">
        <test-method status="PASS" signature="setup1()[pri:0, instance:leavetestcases.Applyleavepagetest@3439f68d]" name="setup1" is-config="true" duration-ms="30828" started-at="2019-08-01T16:48:12 IST" finished-at="2019-08-01T16:48:43 IST">
          <reporter-output>
          </reporter-output>
        </test-method> <!-- setup1 -->
        <test-method status="PASS" signature="SelectCasualLeave()[pri:4, instance:leavetestcases.Applyleavepagetest@3439f68d]" name="SelectCasualLeave" duration-ms="180" started-at="2019-08-01T16:48:43 IST" finished-at="2019-08-01T16:48:43 IST">
          <reporter-output>
          </reporter-output>
        </test-method> <!-- SelectCasualLeave -->
        <test-method status="PASS" signature="teardown1()[pri:0, instance:leavetestcases.Applyleavepagetest@3439f68d]" name="teardown1" is-config="true" duration-ms="0" started-at="2019-08-01T16:48:43 IST" finished-at="2019-08-01T16:48:43 IST">
          <reporter-output>
          </reporter-output>
        </test-method> <!-- teardown1 -->
        <test-method status="PASS" signature="setup1()[pri:0, instance:leavetestcases.Applyleavepagetest@3439f68d]" name="setup1" is-config="true" duration-ms="24555" started-at="2019-08-01T16:48:43 IST" finished-at="2019-08-01T16:49:08 IST">
          <reporter-output>
          </reporter-output>
        </test-method> <!-- setup1 -->
        <test-method status="PASS" signature="EnterDate()[pri:5, instance:leavetestcases.Applyleavepagetest@3439f68d]" name="EnterDate" duration-ms="1970" started-at="2019-08-01T16:49:08 IST" finished-at="2019-08-01T16:49:10 IST">
          <reporter-output>
          </reporter-output>
        </test-method> <!-- EnterDate -->
        <test-method status="PASS" signature="teardown1()[pri:0, instance:leavetestcases.Applyleavepagetest@3439f68d]" name="teardown1" is-config="true" duration-ms="1" started-at="2019-08-01T16:49:10 IST" finished-at="2019-08-01T16:49:10 IST">
          <reporter-output>
          </reporter-output>
        </test-method> <!-- teardown1 -->
        <test-method status="PASS" signature="setup1()[pri:0, instance:leavetestcases.Applyleavepagetest@3439f68d]" name="setup1" is-config="true" duration-ms="30612" started-at="2019-08-01T16:49:10 IST" finished-at="2019-08-01T16:49:41 IST">
          <reporter-output>
          </reporter-output>
        </test-method> <!-- setup1 -->
        <test-method status="PASS" signature="WriteDescriptionTest()[pri:6, instance:leavetestcases.Applyleavepagetest@3439f68d]" name="WriteDescriptionTest" duration-ms="322" started-at="2019-08-01T16:49:41 IST" finished-at="2019-08-01T16:49:41 IST">
          <reporter-output>
          </reporter-output>
        </test-method> <!-- WriteDescriptionTest -->
        <test-method status="PASS" signature="teardown1()[pri:0, instance:leavetestcases.Applyleavepagetest@3439f68d]" name="teardown1" is-config="true" duration-ms="0" started-at="2019-08-01T16:49:41 IST" finished-at="2019-08-01T16:49:41 IST">
          <reporter-output>
          </reporter-output>
        </test-method> <!-- teardown1 -->
        <test-method status="PASS" signature="setup1()[pri:0, instance:leavetestcases.Applyleavepagetest@3439f68d]" name="setup1" is-config="true" duration-ms="27348" started-at="2019-08-01T16:49:41 IST" finished-at="2019-08-01T16:50:08 IST">
          <reporter-output>
          </reporter-output>
        </test-method> <!-- setup1 -->
        <test-method status="PASS" signature="verifymanangernametest()[pri:7, instance:leavetestcases.Applyleavepagetest@3439f68d]" name="verifymanangernametest" duration-ms="48" started-at="2019-08-01T16:50:08 IST" finished-at="2019-08-01T16:50:08 IST">
          <reporter-output>
          </reporter-output>
        </test-method> <!-- verifymanangernametest -->
        <test-method status="PASS" signature="setup1()[pri:0, instance:leavetestcases.Applyleavepagetest@3439f68d]" name="setup1" is-config="true" duration-ms="23173" started-at="2019-08-01T16:50:08 IST" finished-at="2019-08-01T16:50:31 IST">
          <reporter-output>
          </reporter-output>
        </test-method> <!-- setup1 -->
        <test-method status="PASS" signature="teardown1()[pri:0, instance:leavetestcases.Applyleavepagetest@3439f68d]" name="teardown1" is-config="true" duration-ms="0" started-at="2019-08-01T16:50:08 IST" finished-at="2019-08-01T16:50:08 IST">
          <reporter-output>
          </reporter-output>
        </test-method> <!-- teardown1 -->
        <test-method status="PASS" signature="ApplyCasualLeave()[pri:8, instance:leavetestcases.Applyleavepagetest@3439f68d]" name="ApplyCasualLeave" duration-ms="4998" started-at="2019-08-01T16:50:31 IST" finished-at="2019-08-01T16:50:36 IST">
          <reporter-output>
          </reporter-output>
        </test-method> <!-- ApplyCasualLeave -->
        <test-method status="PASS" signature="teardown1()[pri:0, instance:leavetestcases.Applyleavepagetest@3439f68d]" name="teardown1" is-config="true" duration-ms="1" started-at="2019-08-01T16:50:36 IST" finished-at="2019-08-01T16:50:36 IST">
          <reporter-output>
          </reporter-output>
        </test-method> <!-- teardown1 -->
      </class> <!-- leavetestcases.Applyleavepagetest -->
      <class name="leavetestcases.Loginpagetest">
        <test-method status="PASS" signature="setup()[pri:0, instance:leavetestcases.Loginpagetest@71d15f18]" name="setup" is-config="true" duration-ms="7172" started-at="2019-08-01T16:47:43 IST" finished-at="2019-08-01T16:47:50 IST">
          <reporter-output>
          </reporter-output>
        </test-method> <!-- setup -->
        <test-method status="PASS" signature="loginpagetitletest()[pri:1, instance:leavetestcases.Loginpagetest@71d15f18]" name="loginpagetitletest" duration-ms="17" started-at="2019-08-01T16:47:50 IST" finished-at="2019-08-01T16:47:50 IST">
          <reporter-output>
          </reporter-output>
        </test-method> <!-- loginpagetitletest -->
        <test-method status="PASS" signature="teardown()[pri:0, instance:leavetestcases.Loginpagetest@71d15f18]" name="teardown" is-config="true" duration-ms="991" started-at="2019-08-01T16:47:50 IST" finished-at="2019-08-01T16:47:51 IST">
          <reporter-output>
          </reporter-output>
        </test-method> <!-- teardown -->
        <test-method status="PASS" signature="setup()[pri:0, instance:leavetestcases.Loginpagetest@71d15f18]" name="setup" is-config="true" duration-ms="7040" started-at="2019-08-01T16:47:51 IST" finished-at="2019-08-01T16:47:58 IST">
          <reporter-output>
          </reporter-output>
        </test-method> <!-- setup -->
        <test-method status="PASS" signature="stllogoimagetest()[pri:2, instance:leavetestcases.Loginpagetest@71d15f18]" name="stllogoimagetest" duration-ms="48" started-at="2019-08-01T16:47:58 IST" finished-at="2019-08-01T16:47:58 IST">
          <reporter-output>
          </reporter-output>
        </test-method> <!-- stllogoimagetest -->
        <test-method status="PASS" signature="teardown()[pri:0, instance:leavetestcases.Loginpagetest@71d15f18]" name="teardown" is-config="true" duration-ms="1041" started-at="2019-08-01T16:47:58 IST" finished-at="2019-08-01T16:47:59 IST">
          <reporter-output>
          </reporter-output>
        </test-method> <!-- teardown -->
        <test-method status="PASS" signature="setup()[pri:0, instance:leavetestcases.Loginpagetest@71d15f18]" name="setup" is-config="true" duration-ms="6210" started-at="2019-08-01T16:47:59 IST" finished-at="2019-08-01T16:48:05 IST">
          <reporter-output>
          </reporter-output>
        </test-method> <!-- setup -->
        <test-method status="PASS" signature="logintest()[pri:3, instance:leavetestcases.Loginpagetest@71d15f18]" name="logintest" duration-ms="6194" started-at="2019-08-01T16:48:05 IST" finished-at="2019-08-01T16:48:11 IST">
          <reporter-output>
          </reporter-output>
        </test-method> <!-- logintest -->
        <test-method status="PASS" signature="teardown()[pri:0, instance:leavetestcases.Loginpagetest@71d15f18]" name="teardown" is-config="true" duration-ms="1050" started-at="2019-08-01T16:48:11 IST" finished-at="2019-08-01T16:48:12 IST">
          <reporter-output>
          </reporter-output>
        </test-method> <!-- teardown -->
      </class> <!-- leavetestcases.Loginpagetest -->
      <class name="leavetestcases.Homepagetest">
        <test-method status="PASS" signature="setup()[pri:0, instance:leavetestcases.Homepagetest@dbd940d]" name="setup" is-config="true" duration-ms="21443" started-at="2019-08-01T16:46:42 IST" finished-at="2019-08-01T16:47:04 IST">
          <reporter-output>
          </reporter-output>
        </test-method> <!-- setup -->
        <test-method status="PASS" signature="clickapplyleavepagetest()[pri:0, instance:leavetestcases.Homepagetest@dbd940d]" name="clickapplyleavepagetest" duration-ms="6429" started-at="2019-08-01T16:47:04 IST" finished-at="2019-08-01T16:47:10 IST">
          <reporter-output>
          </reporter-output>
        </test-method> <!-- clickapplyleavepagetest -->
        <test-method status="PASS" signature="teardown()[pri:0, instance:leavetestcases.Homepagetest@dbd940d]" name="teardown" is-config="true" duration-ms="1239" started-at="2019-08-01T16:47:10 IST" finished-at="2019-08-01T16:47:12 IST">
          <reporter-output>
          </reporter-output>
        </test-method> <!-- teardown -->
        <test-method status="PASS" signature="setup()[pri:0, instance:leavetestcases.Homepagetest@dbd940d]" name="setup" is-config="true" duration-ms="15418" started-at="2019-08-01T16:47:12 IST" finished-at="2019-08-01T16:47:27 IST">
          <reporter-output>
          </reporter-output>
        </test-method> <!-- setup -->
        <test-method status="PASS" signature="verifyhomepagetitletest()[pri:0, instance:leavetestcases.Homepagetest@dbd940d]" name="verifyhomepagetitletest" duration-ms="48" started-at="2019-08-01T16:47:27 IST" finished-at="2019-08-01T16:47:27 IST">
          <reporter-output>
          </reporter-output>
        </test-method> <!-- verifyhomepagetitletest -->
        <test-method status="PASS" signature="teardown()[pri:0, instance:leavetestcases.Homepagetest@dbd940d]" name="teardown" is-config="true" duration-ms="964" started-at="2019-08-01T16:47:27 IST" finished-at="2019-08-01T16:47:28 IST">
          <reporter-output>
          </reporter-output>
        </test-method> <!-- teardown -->
        <test-method status="PASS" signature="setup()[pri:0, instance:leavetestcases.Homepagetest@dbd940d]" name="setup" is-config="true" duration-ms="13405" started-at="2019-08-01T16:47:28 IST" finished-at="2019-08-01T16:47:41 IST">
          <reporter-output>
          </reporter-output>
        </test-method> <!-- setup -->
        <test-method status="PASS" signature="verifyusernametest()[pri:0, instance:leavetestcases.Homepagetest@dbd940d]" name="verifyusernametest" duration-ms="93" started-at="2019-08-01T16:47:41 IST" finished-at="2019-08-01T16:47:42 IST">
          <reporter-output>
          </reporter-output>
        </test-method> <!-- verifyusernametest -->
        <test-method status="PASS" signature="teardown()[pri:0, instance:leavetestcases.Homepagetest@dbd940d]" name="teardown" is-config="true" duration-ms="1084" started-at="2019-08-01T16:47:42 IST" finished-at="2019-08-01T16:47:43 IST">
          <reporter-output>
          </reporter-output>
        </test-method> <!-- teardown -->
      </class> <!-- leavetestcases.Homepagetest -->
    </test> <!-- Test -->
  </suite> <!-- Suite -->
</testng-results>
